<?xml version="1.0" encoding="UTF-8"?>
<testng-results skipped="0" failed="0" total="5" passed="5">
  <reporter-output>
  </reporter-output>
  <suite name="Surefire suite" duration-ms="22" started-at="2020-01-08T18:14:45Z" finished-at="2020-01-08T18:14:45Z">
    <groups>
    </groups>
    <test name="Surefire test" duration-ms="22" started-at="2020-01-08T18:14:45Z" finished-at="2020-01-08T18:14:45Z">
      <class name="qaclickacademy.AppiumTest">
        <test-method status="PASS" signature="IOSApps()[pri:0, instance:qaclickacademy.AppiumTest@234bef66]" name="IOSApps" duration-ms="10" started-at="2020-01-08T13:14:45Z" finished-at="2020-01-08T13:14:45Z">
          <reporter-output>
          </reporter-output>
        </test-method> <!-- IOSApps -->
        <test-method status="PASS" signature="NativeAPIAndroid()[pri:0, instance:qaclickacademy.AppiumTest@234bef66]" name="NativeAPIAndroid" duration-ms="0" started-at="2020-01-08T13:14:45Z" finished-at="2020-01-08T13:14:45Z">
          <reporter-output>
          </reporter-output>
        </test-method> <!-- NativeAPIAndroid -->
      </class> <!-- qaclickacademy.AppiumTest -->
      <class name="qaclickacademy.RestAPITest">
        <test-method status="PASS" signature="deleteTwitter()[pri:0, instance:qaclickacademy.RestAPITest@6276ae34]" name="deleteTwitter" duration-ms="1" started-at="2020-01-08T13:14:45Z" finished-at="2020-01-08T13:14:45Z">
          <reporter-output>
          </reporter-output>
        </test-method> <!-- deleteTwitter -->
        <test-method status="PASS" signature="postJira()[pri:0, instance:qaclickacademy.RestAPITest@6276ae34]" name="postJira" duration-ms="1" started-at="2020-01-08T13:14:45Z" finished-at="2020-01-08T13:14:45Z">
          <reporter-output>
          </reporter-output>
        </test-method> <!-- postJira -->
      </class> <!-- qaclickacademy.RestAPITest -->
      <class name="qaclickacademy.SeleniumTest">
        <test-method status="PASS" signature="ElementsUI()[pri:0, instance:qaclickacademy.SeleniumTest@7946e1f4]" name="ElementsUI" duration-ms="1" started-at="2020-01-08T13:14:45Z" finished-at="2020-01-08T13:14:45Z">
          <reporter-output>
          </reporter-output>
        </test-method> <!-- ElementsUI -->
      </class> <!-- qaclickacademy.SeleniumTest -->
    </test> <!-- Surefire test -->
  </suite> <!-- Surefire suite -->
</testng-results>
