<?xml version="1.0" encoding="UTF-8"?>
<testng-results skipped="0" failed="0" total="3" passed="3">
  <reporter-output>
  </reporter-output>
  <suite name="Suite" duration-ms="16" started-at="2020-01-08T18:45:48Z" finished-at="2020-01-08T18:45:48Z">
    <groups>
    </groups>
    <test name="Test" duration-ms="16" started-at="2020-01-08T18:45:48Z" finished-at="2020-01-08T18:45:48Z">
      <class name="qaclickacademy.AppiumTest">
        <test-method status="PASS" signature="IOSApps()[pri:0, instance:qaclickacademy.AppiumTest@4f9a3314]" name="IOSApps" duration-ms="7" started-at="2020-01-08T13:45:48Z" finished-at="2020-01-08T13:45:48Z">
          <reporter-output>
          </reporter-output>
        </test-method> <!-- IOSApps -->
        <test-method status="PASS" signature="NativeAPIAndroid()[pri:0, instance:qaclickacademy.AppiumTest@4f9a3314]" name="NativeAPIAndroid" duration-ms="0" started-at="2020-01-08T13:45:48Z" finished-at="2020-01-08T13:45:48Z">
          <reporter-output>
          </reporter-output>
        </test-method> <!-- NativeAPIAndroid -->
      </class> <!-- qaclickacademy.AppiumTest -->
      <class name="qaclickacademy.SeleniumTest">
        <test-method status="PASS" signature="ElementsUI()[pri:0, instance:qaclickacademy.SeleniumTest@6591f517]" name="ElementsUI" duration-ms="1" started-at="2020-01-08T13:45:48Z" finished-at="2020-01-08T13:45:48Z">
          <reporter-output>
          </reporter-output>
        </test-method> <!-- ElementsUI -->
      </class> <!-- qaclickacademy.SeleniumTest -->
    </test> <!-- Test -->
  </suite> <!-- Suite -->
</testng-results>
